<?xml version="1.0" encoding="UTF-8"?>
<testng-results skipped="2" failed="0" ignored="0" total="5" passed="3">
  <reporter-output>
    <line>
      <![CDATA[Successfully logged in as Bankmanager]]>
    </line>
    <line>
      <![CDATA[Successfully added the customer]]>
    </line>
  </reporter-output>
  <suite name="Data Driven Basics" duration-ms="4001" started-at="2020-03-05T11:26:05 IST" finished-at="2020-03-05T11:26:09 IST">
    <groups>
    </groups>
    <test name="Bank Manager Login" duration-ms="432" started-at="2020-03-05T11:26:05 IST" finished-at="2020-03-05T11:26:05 IST">
      <class name="com.learning.testcases.BankManagerLoginTest">
        <test-method status="PASS" signature="bankManagerLoginTest()[pri:0, instance:com.learning.testcases.BankManagerLoginTest@3527942a]" name="bankManagerLoginTest" duration-ms="370" started-at="2020-03-05T11:26:05 IST" finished-at="2020-03-05T11:26:05 IST">
          <reporter-output>
            <line>
              <![CDATA[Successfully logged in as Bankmanager]]>
            </line>
          </reporter-output>
        </test-method> <!-- bankManagerLoginTest -->
      </class> <!-- com.learning.testcases.BankManagerLoginTest -->
    </test> <!-- Bank Manager Login -->
    <test name="Add Cusomer" duration-ms="1666" started-at="2020-03-05T11:26:06 IST" finished-at="2020-03-05T11:26:08 IST">
      <class name="com.learning.testcases.AddCusomerTest">
        <test-method status="PASS" signature="addCusomerTest(java.lang.String, java.lang.String, java.lang.String, java.lang.String, java.lang.String)[pri:0, instance:com.learning.testcases.AddCusomerTest@1ffaf86]" name="addCusomerTest" duration-ms="1587" started-at="2020-03-05T11:26:06 IST" data-provider="dp" finished-at="2020-03-05T11:26:08 IST">
          <params>
            <param index="0">
              <value>
                <![CDATA[Raman]]>
              </value>
            </param>
            <param index="1">
              <value>
                <![CDATA[Arora]]>
              </value>
            </param>
            <param index="2">
              <value>
                <![CDATA[581115]]>
              </value>
            </param>
            <param index="3">
              <value>
                <![CDATA[Customer added successfully]]>
              </value>
            </param>
            <param index="4">
              <value>
                <![CDATA[Y]]>
              </value>
            </param>
          </params>
          <reporter-output>
            <line>
              <![CDATA[Successfully added the customer]]>
            </line>
          </reporter-output>
        </test-method> <!-- addCusomerTest -->
        <test-method status="SKIP" signature="addCusomerTest(java.lang.String, java.lang.String, java.lang.String, java.lang.String, java.lang.String)[pri:0, instance:com.learning.testcases.AddCusomerTest@1ffaf86]" name="addCusomerTest" duration-ms="1" started-at="2020-03-05T11:26:08 IST" data-provider="dp" finished-at="2020-03-05T11:26:08 IST">
          <params>
            <param index="0">
              <value>
                <![CDATA[Mahant]]>
              </value>
            </param>
            <param index="1">
              <value>
                <![CDATA[Ganguly]]>
              </value>
            </param>
            <param index="2">
              <value>
                <![CDATA[560093.0]]>
              </value>
            </param>
            <param index="3">
              <value>
                <![CDATA[Customer added successfully]]>
              </value>
            </param>
            <param index="4">
              <value>
                <![CDATA[N]]>
              </value>
            </param>
          </params>
          <exception class="org.testng.SkipException">
            <message>
              <![CDATA[Skipped testcase for this iteration as runmode is set to NO ]]>
            </message>
            <full-stacktrace>
              <![CDATA[org.testng.SkipException: Skipped testcase for this iteration as runmode is set to NO 
at com.learning.testcases.AddCusomerTest.addCusomerTest(AddCusomerTest.java:21)
at sun.reflect.NativeMethodAccessorImpl.invoke0(Native Method)
at sun.reflect.NativeMethodAccessorImpl.invoke(NativeMethodAccessorImpl.java:62)
at sun.reflect.DelegatingMethodAccessorImpl.invoke(DelegatingMethodAccessorImpl.java:43)
at java.lang.reflect.Method.invoke(Method.java:498)
at org.testng.internal.MethodInvocationHelper.invokeMethod(MethodInvocationHelper.java:134)
at org.testng.internal.TestInvoker.invokeMethod(TestInvoker.java:597)
at org.testng.internal.TestInvoker.invokeTestMethod(TestInvoker.java:173)
at org.testng.internal.MethodRunner.runInSequence(MethodRunner.java:46)
at org.testng.internal.TestInvoker$MethodInvocationAgent.invoke(TestInvoker.java:816)
at org.testng.internal.TestInvoker.invokeTestMethods(TestInvoker.java:146)
at org.testng.internal.TestMethodWorker.invokeTestMethods(TestMethodWorker.java:146)
at org.testng.internal.TestMethodWorker.run(TestMethodWorker.java:128)
at java.util.ArrayList.forEach(ArrayList.java:1257)
at org.testng.TestRunner.privateRun(TestRunner.java:766)
at org.testng.TestRunner.run(TestRunner.java:587)
at org.testng.SuiteRunner.runTest(SuiteRunner.java:384)
at org.testng.SuiteRunner.runSequentially(SuiteRunner.java:378)
at org.testng.SuiteRunner.privateRun(SuiteRunner.java:337)
at org.testng.SuiteRunner.run(SuiteRunner.java:286)
at org.testng.SuiteRunnerWorker.runSuite(SuiteRunnerWorker.java:53)
at org.testng.SuiteRunnerWorker.run(SuiteRunnerWorker.java:96)
at org.testng.TestNG.runSuitesSequentially(TestNG.java:1187)
at org.testng.TestNG.runSuitesLocally(TestNG.java:1109)
at org.testng.TestNG.runSuites(TestNG.java:1039)
at org.testng.TestNG.run(TestNG.java:1007)
at org.apache.maven.surefire.testng.TestNGExecutor.run(TestNGExecutor.java:295)
at org.apache.maven.surefire.testng.TestNGXmlTestSuite.execute(TestNGXmlTestSuite.java:84)
at org.apache.maven.surefire.testng.TestNGProvider.invoke(TestNGProvider.java:90)
at org.apache.maven.surefire.booter.ForkedBooter.invokeProviderInSameClassLoader(ForkedBooter.java:203)
at org.apache.maven.surefire.booter.ForkedBooter.runSuitesInProcess(ForkedBooter.java:155)
at org.apache.maven.surefire.booter.ForkedBooter.main(ForkedBooter.java:103)
]]>
            </full-stacktrace>
          </exception> <!-- org.testng.SkipException -->
          <reporter-output>
          </reporter-output>
        </test-method> <!-- addCusomerTest -->
      </class> <!-- com.learning.testcases.AddCusomerTest -->
    </test> <!-- Add Cusomer -->
    <test name="Open Account" duration-ms="912" started-at="2020-03-05T11:26:08 IST" finished-at="2020-03-05T11:26:09 IST">
      <class name="com.learning.testcases.OpenAccountTest">
        <test-method status="PASS" signature="setUp()[pri:0, instance:com.learning.testcases.OpenAccountTest@f99f5e0]" name="setUp" is-config="true" duration-ms="27095" started-at="2020-03-05T11:25:38 IST" finished-at="2020-03-05T11:26:05 IST">
          <reporter-output>
          </reporter-output>
        </test-method> <!-- setUp -->
        <test-method status="PASS" signature="openAccountTest(java.lang.String, java.lang.String, java.lang.String, java.lang.String)[pri:0, instance:com.learning.testcases.OpenAccountTest@f99f5e0]" name="openAccountTest" duration-ms="903" started-at="2020-03-05T11:26:08 IST" data-provider="dp" finished-at="2020-03-05T11:26:09 IST">
          <params>
            <param index="0">
              <value>
                <![CDATA[Raman Arora]]>
              </value>
            </param>
            <param index="1">
              <value>
                <![CDATA[Rupee]]>
              </value>
            </param>
            <param index="2">
              <value>
                <![CDATA[Account created successfully]]>
              </value>
            </param>
            <param index="3">
              <value>
                <![CDATA[Y]]>
              </value>
            </param>
          </params>
          <reporter-output>
          </reporter-output>
        </test-method> <!-- openAccountTest -->
        <test-method status="SKIP" signature="openAccountTest(java.lang.String, java.lang.String, java.lang.String, java.lang.String)[pri:0, instance:com.learning.testcases.OpenAccountTest@f99f5e0]" name="openAccountTest" duration-ms="2" started-at="2020-03-05T11:26:09 IST" data-provider="dp" finished-at="2020-03-05T11:26:09 IST">
          <params>
            <param index="0">
              <value>
                <![CDATA[Mahant Ganguly]]>
              </value>
            </param>
            <param index="1">
              <value>
                <![CDATA[Dollar]]>
              </value>
            </param>
            <param index="2">
              <value>
                <![CDATA[Account created successfully]]>
              </value>
            </param>
            <param index="3">
              <value>
                <![CDATA[N]]>
              </value>
            </param>
          </params>
          <exception class="org.testng.SkipException">
            <message>
              <![CDATA[Skipped testcase for this iteration as runmode is set to NO ]]>
            </message>
            <full-stacktrace>
              <![CDATA[org.testng.SkipException: Skipped testcase for this iteration as runmode is set to NO 
at com.learning.testcases.OpenAccountTest.openAccountTest(OpenAccountTest.java:23)
at sun.reflect.NativeMethodAccessorImpl.invoke0(Native Method)
at sun.reflect.NativeMethodAccessorImpl.invoke(NativeMethodAccessorImpl.java:62)
at sun.reflect.DelegatingMethodAccessorImpl.invoke(DelegatingMethodAccessorImpl.java:43)
at java.lang.reflect.Method.invoke(Method.java:498)
at org.testng.internal.MethodInvocationHelper.invokeMethod(MethodInvocationHelper.java:134)
at org.testng.internal.TestInvoker.invokeMethod(TestInvoker.java:597)
at org.testng.internal.TestInvoker.invokeTestMethod(TestInvoker.java:173)
at org.testng.internal.MethodRunner.runInSequence(MethodRunner.java:46)
at org.testng.internal.TestInvoker$MethodInvocationAgent.invoke(TestInvoker.java:816)
at org.testng.internal.TestInvoker.invokeTestMethods(TestInvoker.java:146)
at org.testng.internal.TestMethodWorker.invokeTestMethods(TestMethodWorker.java:146)
at org.testng.internal.TestMethodWorker.run(TestMethodWorker.java:128)
at java.util.ArrayList.forEach(ArrayList.java:1257)
at org.testng.TestRunner.privateRun(TestRunner.java:766)
at org.testng.TestRunner.run(TestRunner.java:587)
at org.testng.SuiteRunner.runTest(SuiteRunner.java:384)
at org.testng.SuiteRunner.runSequentially(SuiteRunner.java:378)
at org.testng.SuiteRunner.privateRun(SuiteRunner.java:337)
at org.testng.SuiteRunner.run(SuiteRunner.java:286)
at org.testng.SuiteRunnerWorker.runSuite(SuiteRunnerWorker.java:53)
at org.testng.SuiteRunnerWorker.run(SuiteRunnerWorker.java:96)
at org.testng.TestNG.runSuitesSequentially(TestNG.java:1187)
at org.testng.TestNG.runSuitesLocally(TestNG.java:1109)
at org.testng.TestNG.runSuites(TestNG.java:1039)
at org.testng.TestNG.run(TestNG.java:1007)
at org.apache.maven.surefire.testng.TestNGExecutor.run(TestNGExecutor.java:295)
at org.apache.maven.surefire.testng.TestNGXmlTestSuite.execute(TestNGXmlTestSuite.java:84)
at org.apache.maven.surefire.testng.TestNGProvider.invoke(TestNGProvider.java:90)
at org.apache.maven.surefire.booter.ForkedBooter.invokeProviderInSameClassLoader(ForkedBooter.java:203)
at org.apache.maven.surefire.booter.ForkedBooter.runSuitesInProcess(ForkedBooter.java:155)
at org.apache.maven.surefire.booter.ForkedBooter.main(ForkedBooter.java:103)
]]>
            </full-stacktrace>
          </exception> <!-- org.testng.SkipException -->
          <reporter-output>
          </reporter-output>
        </test-method> <!-- openAccountTest -->
        <test-method status="PASS" signature="teardown()[pri:0, instance:com.learning.testcases.OpenAccountTest@f99f5e0]" name="teardown" is-config="true" duration-ms="7439" started-at="2020-03-05T11:26:09 IST" finished-at="2020-03-05T11:26:17 IST">
          <reporter-output>
          </reporter-output>
        </test-method> <!-- teardown -->
      </class> <!-- com.learning.testcases.OpenAccountTest -->
    </test> <!-- Open Account -->
  </suite> <!-- Data Driven Basics -->
</testng-results>
