<?xml version="1.0" encoding="UTF-8"?>
<testng-results skipped="1" failed="1" total="3" passed="1">
  <reporter-output>
    <line>
      <![CDATA[<br>]]>
    </line>
    <line>
      <![CDATA[<a target="_blank" href="C:\Drive\BackUp\TRAINING\Projects\DataDriven\src\test\resources\logs\Screenshot.jpg"><img src="C:\Drive\BackUp\TRAINING\Projects\DataDriven\src\test\resources\logs\Screenshot.jpg" height=200 width=200"></img>Screenshot</a>]]>
    </line>
  </reporter-output>
  <suite name="Data Driven Basics" duration-ms="1714" started-at="2020-03-03T16:32:06Z" finished-at="2020-03-03T16:32:07Z">
    <groups>
    </groups>
    <test name="Bank Manager Login" duration-ms="1415" started-at="2020-03-03T16:32:06Z" finished-at="2020-03-03T16:32:07Z">
      <class name="com.learning.testcases.BankManagerLoginTest">
        <test-method status="FAIL" signature="loginAsBankManager()[pri:0, instance:com.learning.testcases.BankManagerLoginTest@2e222612]" name="loginAsBankManager" duration-ms="279" started-at="2020-03-03T22:02:06Z" finished-at="2020-03-03T22:02:06Z">
          <exception class="java.lang.IllegalArgumentException">
            <message>
              <![CDATA[Cannot find elements when the XPath expression is null.]]>
            </message>
            <full-stacktrace>
              <![CDATA[java.lang.IllegalArgumentException: Cannot find elements when the XPath expression is null.
	at org.openqa.selenium.By.xpath(By.java:113)
	at com.learning.testcases.BankManagerLoginTest.loginAsBankManager(BankManagerLoginTest.java:19)
	at sun.reflect.NativeMethodAccessorImpl.invoke0(Native Method)
	at sun.reflect.NativeMethodAccessorImpl.invoke(NativeMethodAccessorImpl.java:62)
	at sun.reflect.DelegatingMethodAccessorImpl.invoke(DelegatingMethodAccessorImpl.java:43)
	at java.lang.reflect.Method.invoke(Method.java:498)
	at org.testng.internal.MethodInvocationHelper.invokeMethod(MethodInvocationHelper.java:86)
	at org.testng.internal.Invoker.invokeMethod(Invoker.java:645)
	at org.testng.internal.Invoker.invokeTestMethod(Invoker.java:822)
	at org.testng.internal.Invoker.invokeTestMethods(Invoker.java:1130)
	at org.testng.internal.TestMethodWorker.invokeTestMethods(TestMethodWorker.java:129)
	at org.testng.internal.TestMethodWorker.run(TestMethodWorker.java:112)
	at org.testng.TestRunner.privateRun(TestRunner.java:782)
	at org.testng.TestRunner.run(TestRunner.java:632)
	at org.testng.SuiteRunner.runTest(SuiteRunner.java:366)
	at org.testng.SuiteRunner.runSequentially(SuiteRunner.java:361)
	at org.testng.SuiteRunner.privateRun(SuiteRunner.java:319)
	at org.testng.SuiteRunner.run(SuiteRunner.java:268)
	at org.testng.SuiteRunnerWorker.runSuite(SuiteRunnerWorker.java:52)
	at org.testng.SuiteRunnerWorker.run(SuiteRunnerWorker.java:86)
	at org.testng.TestNG.runSuitesSequentially(TestNG.java:1244)
	at org.testng.TestNG.runSuitesLocally(TestNG.java:1169)
	at org.testng.TestNG.run(TestNG.java:1064)
	at org.testng.remote.RemoteTestNG.run(RemoteTestNG.java:113)
	at org.testng.remote.RemoteTestNG.initAndRun(RemoteTestNG.java:206)
	at org.testng.remote.RemoteTestNG.main(RemoteTestNG.java:177)
]]>
            </full-stacktrace>
          </exception> <!-- java.lang.IllegalArgumentException -->
          <reporter-output>
            <line>
              <![CDATA[<br>]]>
            </line>
            <line>
              <![CDATA[<a target="_blank" href="C:\Drive\BackUp\TRAINING\Projects\DataDriven\src\test\resources\logs\Screenshot.jpg"><img src="C:\Drive\BackUp\TRAINING\Projects\DataDriven\src\test\resources\logs\Screenshot.jpg" height=200 width=200"></img>Screenshot</a>]]>
            </line>
          </reporter-output>
        </test-method> <!-- loginAsBankManager -->
      </class> <!-- com.learning.testcases.BankManagerLoginTest -->
    </test> <!-- Bank Manager Login -->
    <test name="Add Cusomer" duration-ms="12" started-at="2020-03-03T16:32:07Z" finished-at="2020-03-03T16:32:07Z">
      <class name="com.learning.testcases.AddCusomerTest">
        <test-method status="SKIP" signature="addCusomerTest(java.lang.String, java.lang.String, java.lang.String, java.lang.String)[pri:0, instance:com.learning.testcases.AddCusomerTest@53976f5c]" name="addCusomerTest" duration-ms="0" started-at="2020-03-03T22:02:07Z" data-provider="dp" finished-at="2020-03-03T22:02:07Z">
          <exception class="java.lang.RuntimeException">
            <message>
              <![CDATA[Can't invoke method public java.lang.Object[][] com.learning.utilities.TestUtils.getData(java.lang.reflect.Method) on this instance of class com.learning.testcases.AddCusomerTest due to class mismatch]]>
            </message>
            <full-stacktrace>
              <![CDATA[java.lang.RuntimeException: Can't invoke method public java.lang.Object[][] com.learning.utilities.TestUtils.getData(java.lang.reflect.Method) on this instance of class com.learning.testcases.AddCusomerTest due to class mismatch
	at org.testng.internal.MethodInvocationHelper.invokeMethod(MethodInvocationHelper.java:75)
	at org.testng.internal.MethodInvocationHelper.invokeDataProvider(MethodInvocationHelper.java:137)
	at org.testng.internal.Parameters.handleParameters(Parameters.java:430)
	at org.testng.internal.Invoker.handleParameters(Invoker.java:1276)
	at org.testng.internal.Invoker.createParameters(Invoker.java:991)
	at org.testng.internal.Invoker.invokeTestMethods(Invoker.java:1081)
	at org.testng.internal.TestMethodWorker.invokeTestMethods(TestMethodWorker.java:129)
	at org.testng.internal.TestMethodWorker.run(TestMethodWorker.java:112)
	at org.testng.TestRunner.privateRun(TestRunner.java:782)
	at org.testng.TestRunner.run(TestRunner.java:632)
	at org.testng.SuiteRunner.runTest(SuiteRunner.java:366)
	at org.testng.SuiteRunner.runSequentially(SuiteRunner.java:361)
	at org.testng.SuiteRunner.privateRun(SuiteRunner.java:319)
	at org.testng.SuiteRunner.run(SuiteRunner.java:268)
	at org.testng.SuiteRunnerWorker.runSuite(SuiteRunnerWorker.java:52)
	at org.testng.SuiteRunnerWorker.run(SuiteRunnerWorker.java:86)
	at org.testng.TestNG.runSuitesSequentially(TestNG.java:1244)
	at org.testng.TestNG.runSuitesLocally(TestNG.java:1169)
	at org.testng.TestNG.run(TestNG.java:1064)
	at org.testng.remote.RemoteTestNG.run(RemoteTestNG.java:113)
	at org.testng.remote.RemoteTestNG.initAndRun(RemoteTestNG.java:206)
	at org.testng.remote.RemoteTestNG.main(RemoteTestNG.java:177)
]]>
            </full-stacktrace>
          </exception> <!-- java.lang.RuntimeException -->
          <reporter-output>
          </reporter-output>
        </test-method> <!-- addCusomerTest -->
      </class> <!-- com.learning.testcases.AddCusomerTest -->
    </test> <!-- Add Cusomer -->
    <test name="Open Account" duration-ms="33" started-at="2020-03-03T16:32:07Z" finished-at="2020-03-03T16:32:07Z">
      <class name="com.learning.testcases.OpenAccountTest">
        <test-method status="PASS" signature="setUp()[pri:0, instance:com.learning.testcases.OpenAccountTest@1ebea008]" name="setUp" is-config="true" duration-ms="13889" started-at="2020-03-03T22:01:52Z" finished-at="2020-03-03T22:02:06Z">
          <reporter-output>
          </reporter-output>
        </test-method> <!-- setUp -->
        <test-method status="PASS" signature="openAccountTest(java.lang.String, java.lang.String)[pri:0, instance:com.learning.testcases.OpenAccountTest@1ebea008]" name="openAccountTest" duration-ms="8" started-at="2020-03-03T22:02:07Z" data-provider="dp" finished-at="2020-03-03T22:02:07Z">
          <params>
            <param index="0">
              <value>
                <![CDATA[Raman]]>
              </value>
            </param>
            <param index="1">
              <value>
                <![CDATA[Rupee]]>
              </value>
            </param>
          </params>
          <reporter-output>
          </reporter-output>
        </test-method> <!-- openAccountTest -->
        <test-method status="PASS" signature="teardown()[pri:0, instance:com.learning.testcases.OpenAccountTest@1ebea008]" name="teardown" is-config="true" duration-ms="2263" started-at="2020-03-03T22:02:07Z" finished-at="2020-03-03T22:02:10Z">
          <reporter-output>
          </reporter-output>
        </test-method> <!-- teardown -->
      </class> <!-- com.learning.testcases.OpenAccountTest -->
    </test> <!-- Open Account -->
  </suite> <!-- Data Driven Basics -->
</testng-results>
